Using pre-set license
Built from '2020.3/release' branch; Version is '2020.3.2f1 (8fd9074bf66c) revision 9427207'; Using compiler version '192528614'; Build Type 'Release'
OS: 'Windows 10 Home Single Language; OS build 17134.1130; Version 1803; 64bit' Language: 'pt' Physical Memory: 8109 MB
BatchMode: 1, IsHumanControllingUs: 0, StartBugReporterOnCrash: 0, Is64bit: 1, IsPro: 0

 COMMAND LINE ARGUMENTS:
C:\Program Files\Unity\Hub\Editor\2020.3.2f1\Editor\Unity.exe
-adb2
-batchMode
-noUpm
-name
AssetImportWorker4
-projectPath
C:/Users/Higor/Documents/Unity projects/Pong_1
-logFile
Logs/AssetImportWorker4.log
-srvPort
53558
Successfully changed project path to: C:/Users/Higor/Documents/Unity projects/Pong_1
C:/Users/Higor/Documents/Unity projects/Pong_1
Using Asset Import Pipeline V2.
Refreshing native plugins compatible for Editor in 55.64 ms, found 0 plugins.
Preloading 0 native plugins for Editor in 0.00 ms.
Initialize engine version: 2020.3.2f1 (8fd9074bf66c)
[Subsystems] Discovering subsystems at path C:/Program Files/Unity/Hub/Editor/2020.3.2f1/Editor/Data/Resources/UnitySubsystems
[Subsystems] Discovering subsystems at path C:/Users/Higor/Documents/Unity projects/Pong_1/Assets
GfxDevice: creating device client; threaded=0
Direct3D:
    Version:  Direct3D 11.0 [level 11.0]
    Renderer: NVIDIA GeForce 940MX (ID=0x134d)
    Vendor:   
    VRAM:     2010 MB
    Driver:   27.21.14.6647
Initialize mono
Mono path[0] = 'C:/Program Files/Unity/Hub/Editor/2020.3.2f1/Editor/Data/Managed'
Mono path[1] = 'C:/Program Files/Unity/Hub/Editor/2020.3.2f1/Editor/Data/MonoBleedingEdge/lib/mono/unityjit'
Mono config path = 'C:/Program Files/Unity/Hub/Editor/2020.3.2f1/Editor/Data/MonoBleedingEdge/etc'
Using monoOptions --debugger-agent=transport=dt_socket,embedding=1,server=y,suspend=n,address=127.0.0.1:56320
Begin MonoManager ReloadAssembly
Registering precompiled unity dll's ...
Register platform support module: C:/Program Files/Unity/Hub/Editor/2020.3.2f1/Editor/Data/PlaybackEngines/WindowsStandaloneSupport/UnityEditor.WindowsStandalone.Extensions.dll
Registered in 0.030594 seconds.
Native extension for WindowsStandalone target not found
Refreshing native plugins compatible for Editor in 34.57 ms, found 0 plugins.
Preloading 0 native plugins for Editor in 0.00 ms.
Invoked RoslynAnalysisRunner static constructor.
RoslynAnalysisRunner will not be running.
RoslynAnalysisRunner has terminated.
Mono: successfully reloaded assembly
- Completed reload, in  2.212 seconds
Platform modules already initialized, skipping
Registering precompiled user dll's ...
Registered in 0.000713 seconds.
Begin MonoManager ReloadAssembly
Native extension for WindowsStandalone target not found
Refreshing native plugins compatible for Editor in 0.38 ms, found 0 plugins.
Preloading 0 native plugins for Editor in 0.00 ms.
Invoked RoslynAnalysisRunner static constructor.
RoslynAnalysisRunner will not be running.
RoslynAnalysisRunner has terminated.
Mono: successfully reloaded assembly
- Completed reload, in  1.535 seconds
Platform modules already initialized, skipping
========================================================================
Worker process is ready to serve import requests
Launched and connected shader compiler UnityShaderCompiler.exe after 2.03 seconds
Refreshing native plugins compatible for Editor in 0.32 ms, found 0 plugins.
Preloading 0 native plugins for Editor in 0.00 ms.
Unloading 1136 Unused Serialized files (Serialized files now loaded: 0)
System memory in use before: 59.5 MB.
System memory in use after: 59.5 MB.

Unloading 10 unused Assets to reduce memory usage. Loaded Objects now: 1579.
Total: 2.455303 ms (FindLiveObjects: 0.236246 ms CreateObjectMapping: 0.070321 ms MarkObjects: 2.013625 ms  DeleteObjects: 0.132345 ms)

========================================================================
Received Import Request.
  path: Assets/Spripts/ChangeName/ChangeNameBase.cs
  artifactKey: Guid(e5204e489cda5bb4bbaffec952390387) Importer(815301076,1909f56bfc062723c751e8b465ee728b)
Start importing Assets/Spripts/ChangeName/ChangeNameBase.cs using Guid(e5204e489cda5bb4bbaffec952390387) Importer(815301076,1909f56bfc062723c751e8b465ee728b)  -> (artifact id: '82c44f87cbb1d9a29e62845e144e323c') in 1.153778 seconds
  Import took 1.408166 seconds .

========================================================================
Received Import Request.
  Time since last request: 692.870081 seconds.
  path: Assets/Spripts/ChangeName/ChangeNameBase.cs
  artifactKey: Guid(e5204e489cda5bb4bbaffec952390387) Importer(815301076,1909f56bfc062723c751e8b465ee728b)
Start importing Assets/Spripts/ChangeName/ChangeNameBase.cs using Guid(e5204e489cda5bb4bbaffec952390387) Importer(815301076,1909f56bfc062723c751e8b465ee728b)  -> (artifact id: '14468f3b292b30e7b19af2e16ce9c3e7') in 0.042752 seconds
  Import took 0.066461 seconds .

========================================================================
Received Import Request.
  Time since last request: 0.256028 seconds.
  path: Assets/Spripts/ChangeName/ChangeNameBase.cs
  artifactKey: Guid(e5204e489cda5bb4bbaffec952390387) Importer(815301076,1909f56bfc062723c751e8b465ee728b)
Start importing Assets/Spripts/ChangeName/ChangeNameBase.cs using Guid(e5204e489cda5bb4bbaffec952390387) Importer(815301076,1909f56bfc062723c751e8b465ee728b)  -> (artifact id: '14468f3b292b30e7b19af2e16ce9c3e7') in 0.049113 seconds
  Import took 0.054141 seconds .

========================================================================
Received Prepare
Registering precompiled user dll's ...
Registered in 0.000685 seconds.
Begin MonoManager ReloadAssembly
Native extension for WindowsStandalone target not found
Refreshing native plugins compatible for Editor in 0.28 ms, found 0 plugins.
Preloading 0 native plugins for Editor in 0.00 ms.
Invoked RoslynAnalysisRunner static constructor.
RoslynAnalysisRunner will not be running.
RoslynAnalysisRunner has terminated.
Mono: successfully reloaded assembly
- Completed reload, in  1.243 seconds
Platform modules already initialized, skipping
Refreshing native plugins compatible for Editor in 0.28 ms, found 0 plugins.
Preloading 0 native plugins for Editor in 0.00 ms.
Unloading 1118 Unused Serialized files (Serialized files now loaded: 0)
System memory in use before: 58.2 MB.
System memory in use after: 58.2 MB.

Unloading 5 unused Assets to reduce memory usage. Loaded Objects now: 1582.
Total: 2.524438 ms (FindLiveObjects: 0.254024 ms CreateObjectMapping: 0.090074 ms MarkObjects: 2.068933 ms  DeleteObjects: 0.109432 ms)

========================================================================
Received Prepare
Registering precompiled user dll's ...
Registered in 0.000728 seconds.
Begin MonoManager ReloadAssembly
Native extension for WindowsStandalone target not found
Refreshing native plugins compatible for Editor in 0.23 ms, found 0 plugins.
Preloading 0 native plugins for Editor in 0.00 ms.
Invoked RoslynAnalysisRunner static constructor.
RoslynAnalysisRunner will not be running.
RoslynAnalysisRunner has terminated.
Mono: successfully reloaded assembly
- Completed reload, in  1.161 seconds
Platform modules already initialized, skipping
Refreshing native plugins compatible for Editor in 0.25 ms, found 0 plugins.
Preloading 0 native plugins for Editor in 0.00 ms.
Unloading 1118 Unused Serialized files (Serialized files now loaded: 0)
System memory in use before: 58.2 MB.
System memory in use after: 58.3 MB.

Unloading 5 unused Assets to reduce memory usage. Loaded Objects now: 1585.
Total: 1.965823 ms (FindLiveObjects: 0.176197 ms CreateObjectMapping: 0.052148 ms MarkObjects: 1.664391 ms  DeleteObjects: 0.072296 ms)

========================================================================
Received Prepare
Registering precompiled user dll's ...
Registered in 0.001156 seconds.
Begin MonoManager ReloadAssembly
Native extension for WindowsStandalone target not found
Refreshing native plugins compatible for Editor in 0.26 ms, found 0 plugins.
Preloading 0 native plugins for Editor in 0.00 ms.
Invoked RoslynAnalysisRunner static constructor.
RoslynAnalysisRunner will not be running.
RoslynAnalysisRunner has terminated.
Mono: successfully reloaded assembly
- Completed reload, in  1.109 seconds
Platform modules already initialized, skipping
Refreshing native plugins compatible for Editor in 0.32 ms, found 0 plugins.
Preloading 0 native plugins for Editor in 0.00 ms.
Unloading 1118 Unused Serialized files (Serialized files now loaded: 0)
System memory in use before: 58.2 MB.
System memory in use after: 58.3 MB.

Unloading 5 unused Assets to reduce memory usage. Loaded Objects now: 1588.
Total: 3.421226 ms (FindLiveObjects: 0.528591 ms CreateObjectMapping: 0.261925 ms MarkObjects: 2.547747 ms  DeleteObjects: 0.080987 ms)

========================================================================
Received Prepare
Registering precompiled user dll's ...
Registered in 0.000847 seconds.
Begin MonoManager ReloadAssembly
Native extension for WindowsStandalone target not found
Refreshing native plugins compatible for Editor in 0.24 ms, found 0 plugins.
Preloading 0 native plugins for Editor in 0.00 ms.
Invoked RoslynAnalysisRunner static constructor.
RoslynAnalysisRunner will not be running.
RoslynAnalysisRunner has terminated.
Mono: successfully reloaded assembly
- Completed reload, in  1.141 seconds
Platform modules already initialized, skipping
Refreshing native plugins compatible for Editor in 0.38 ms, found 0 plugins.
Preloading 0 native plugins for Editor in 0.00 ms.
Unloading 1118 Unused Serialized files (Serialized files now loaded: 0)
System memory in use before: 58.2 MB.
System memory in use after: 58.3 MB.

Unloading 5 unused Assets to reduce memory usage. Loaded Objects now: 1591.
Total: 1.815304 ms (FindLiveObjects: 0.176592 ms CreateObjectMapping: 0.043457 ms MarkObjects: 1.530466 ms  DeleteObjects: 0.063605 ms)

========================================================================
Received Prepare
Registering precompiled user dll's ...
Registered in 0.000815 seconds.
Begin MonoManager ReloadAssembly
Native extension for WindowsStandalone target not found
Refreshing native plugins compatible for Editor in 0.40 ms, found 0 plugins.
Preloading 0 native plugins for Editor in 0.00 ms.
Invoked RoslynAnalysisRunner static constructor.
RoslynAnalysisRunner will not be running.
RoslynAnalysisRunner has terminated.
Mono: successfully reloaded assembly
- Completed reload, in  1.712 seconds
Platform modules already initialized, skipping
Refreshing native plugins compatible for Editor in 0.35 ms, found 0 plugins.
Preloading 0 native plugins for Editor in 0.00 ms.
Unloading 1118 Unused Serialized files (Serialized files now loaded: 0)
System memory in use before: 58.2 MB.
System memory in use after: 58.3 MB.

Unloading 5 unused Assets to reduce memory usage. Loaded Objects now: 1594.
Total: 7.281761 ms (FindLiveObjects: 1.041775 ms CreateObjectMapping: 0.191604 ms MarkObjects: 5.808974 ms  DeleteObjects: 0.237036 ms)

========================================================================
Received Prepare
Registering precompiled user dll's ...
Registered in 0.001154 seconds.
Begin MonoManager ReloadAssembly
Native extension for WindowsStandalone target not found
Refreshing native plugins compatible for Editor in 0.25 ms, found 0 plugins.
Preloading 0 native plugins for Editor in 0.00 ms.
Invoked RoslynAnalysisRunner static constructor.
RoslynAnalysisRunner will not be running.
RoslynAnalysisRunner has terminated.
Mono: successfully reloaded assembly
- Completed reload, in  1.233 seconds
Platform modules already initialized, skipping
Refreshing native plugins compatible for Editor in 0.28 ms, found 0 plugins.
Preloading 0 native plugins for Editor in 0.00 ms.
Unloading 1118 Unused Serialized files (Serialized files now loaded: 0)
System memory in use before: 58.2 MB.
System memory in use after: 58.3 MB.

Unloading 5 unused Assets to reduce memory usage. Loaded Objects now: 1597.
Total: 2.432784 ms (FindLiveObjects: 0.293530 ms CreateObjectMapping: 0.073086 ms MarkObjects: 1.968983 ms  DeleteObjects: 0.095210 ms)

========================================================================
Received Import Request.
  Time since last request: 11645.237640 seconds.
  path: Assets/Spripts/Highscore
  artifactKey: Guid(01f6249b1ef8bc146881335e636c96b8) Importer(815301076,1909f56bfc062723c751e8b465ee728b)
Start importing Assets/Spripts/Highscore using Guid(01f6249b1ef8bc146881335e636c96b8) Importer(815301076,1909f56bfc062723c751e8b465ee728b)  -> (artifact id: '12e56728b107096e363c4f83bd6a8c4d') in 0.045389 seconds
  Import took 0.053863 seconds .

========================================================================
Received Import Request.
  Time since last request: 19.252678 seconds.
  path: Assets/Spripts/Highscore/HighscoreManager.cs
  artifactKey: Guid(6acb5ac1ebf52dd46b3b6e25d2fcd5ae) Importer(815301076,1909f56bfc062723c751e8b465ee728b)
Start importing Assets/Spripts/Highscore/HighscoreManager.cs using Guid(6acb5ac1ebf52dd46b3b6e25d2fcd5ae) Importer(815301076,1909f56bfc062723c751e8b465ee728b)  -> (artifact id: '279d39e7d7bd7c764b6ef9f369fa2c7b') in 0.058682 seconds
  Import took 0.125273 seconds .

========================================================================
Received Prepare
Registering precompiled user dll's ...
Registered in 0.001140 seconds.
Begin MonoManager ReloadAssembly
Native extension for WindowsStandalone target not found
Refreshing native plugins compatible for Editor in 0.38 ms, found 0 plugins.
Preloading 0 native plugins for Editor in 0.00 ms.
Invoked RoslynAnalysisRunner static constructor.
RoslynAnalysisRunner will not be running.
RoslynAnalysisRunner has terminated.
Mono: successfully reloaded assembly
- Completed reload, in  1.734 seconds
Platform modules already initialized, skipping
Refreshing native plugins compatible for Editor in 0.29 ms, found 0 plugins.
Preloading 0 native plugins for Editor in 0.00 ms.
Unloading 1119 Unused Serialized files (Serialized files now loaded: 0)
System memory in use before: 58.3 MB.
System memory in use after: 58.3 MB.

Unloading 5 unused Assets to reduce memory usage. Loaded Objects now: 1601.
Total: 3.675251 ms (FindLiveObjects: 0.261530 ms CreateObjectMapping: 0.094024 ms MarkObjects: 3.250560 ms  DeleteObjects: 0.067950 ms)

========================================================================
Received Prepare
Registering precompiled user dll's ...
Registered in 0.000789 seconds.
Begin MonoManager ReloadAssembly
Native extension for WindowsStandalone target not found
Refreshing native plugins compatible for Editor in 0.24 ms, found 0 plugins.
Preloading 0 native plugins for Editor in 0.00 ms.
Invoked RoslynAnalysisRunner static constructor.
RoslynAnalysisRunner will not be running.
RoslynAnalysisRunner has terminated.
Mono: successfully reloaded assembly
- Completed reload, in  1.630 seconds
Platform modules already initialized, skipping
Refreshing native plugins compatible for Editor in 0.35 ms, found 0 plugins.
Preloading 0 native plugins for Editor in 0.00 ms.
Unloading 1119 Unused Serialized files (Serialized files now loaded: 0)
System memory in use before: 58.3 MB.
System memory in use after: 58.3 MB.

Unloading 5 unused Assets to reduce memory usage. Loaded Objects now: 1604.
Total: 5.118013 ms (FindLiveObjects: 0.963158 ms CreateObjectMapping: 0.191209 ms MarkObjects: 3.881472 ms  DeleteObjects: 0.079407 ms)

========================================================================
Received Import Request.
  Time since last request: 1224.075787 seconds.
  path: Assets/Spripts/Highscore/HighscoreManager.cs
  artifactKey: Guid(6acb5ac1ebf52dd46b3b6e25d2fcd5ae) Importer(815301076,1909f56bfc062723c751e8b465ee728b)
Start importing Assets/Spripts/Highscore/HighscoreManager.cs using Guid(6acb5ac1ebf52dd46b3b6e25d2fcd5ae) Importer(815301076,1909f56bfc062723c751e8b465ee728b)  -> (artifact id: 'df4dffdce9d0141bc26b08abbb99069e') in 0.042825 seconds
  Import took 0.094914 seconds .

========================================================================
Received Prepare
Registering precompiled user dll's ...
Registered in 0.000740 seconds.
Begin MonoManager ReloadAssembly
Native extension for WindowsStandalone target not found
Refreshing native plugins compatible for Editor in 0.47 ms, found 0 plugins.
Preloading 0 native plugins for Editor in 0.00 ms.
Invoked RoslynAnalysisRunner static constructor.
RoslynAnalysisRunner will not be running.
RoslynAnalysisRunner has terminated.
Mono: successfully reloaded assembly
- Completed reload, in  1.268 seconds
Platform modules already initialized, skipping
Refreshing native plugins compatible for Editor in 0.28 ms, found 0 plugins.
Preloading 0 native plugins for Editor in 0.00 ms.
Unloading 1119 Unused Serialized files (Serialized files now loaded: 0)
System memory in use before: 58.3 MB.
System memory in use after: 58.4 MB.

Unloading 5 unused Assets to reduce memory usage. Loaded Objects now: 1607.
Total: 2.196933 ms (FindLiveObjects: 0.329481 ms CreateObjectMapping: 0.158419 ms MarkObjects: 1.609478 ms  DeleteObjects: 0.097185 ms)

========================================================================
Received Prepare
Registering precompiled user dll's ...
Registered in 0.000711 seconds.
Begin MonoManager ReloadAssembly
Native extension for WindowsStandalone target not found
Refreshing native plugins compatible for Editor in 0.37 ms, found 0 plugins.
Preloading 0 native plugins for Editor in 0.00 ms.
Invoked RoslynAnalysisRunner static constructor.
RoslynAnalysisRunner will not be running.
RoslynAnalysisRunner has terminated.
Mono: successfully reloaded assembly
- Completed reload, in  1.162 seconds
Platform modules already initialized, skipping
Refreshing native plugins compatible for Editor in 0.26 ms, found 0 plugins.
Preloading 0 native plugins for Editor in 0.00 ms.
Unloading 1119 Unused Serialized files (Serialized files now loaded: 0)
System memory in use before: 58.3 MB.
System memory in use after: 58.4 MB.

Unloading 5 unused Assets to reduce memory usage. Loaded Objects now: 1610.
Total: 15.009150 ms (FindLiveObjects: 0.376493 ms CreateObjectMapping: 0.106271 ms MarkObjects: 14.421299 ms  DeleteObjects: 0.103111 ms)

========================================================================
Received Prepare
Registering precompiled user dll's ...
Registered in 0.001175 seconds.
Begin MonoManager ReloadAssembly
Native extension for WindowsStandalone target not found
Refreshing native plugins compatible for Editor in 0.40 ms, found 0 plugins.
Preloading 0 native plugins for Editor in 0.00 ms.
Invoked RoslynAnalysisRunner static constructor.
RoslynAnalysisRunner will not be running.
RoslynAnalysisRunner has terminated.
Mono: successfully reloaded assembly
- Completed reload, in  1.095 seconds
Platform modules already initialized, skipping
Refreshing native plugins compatible for Editor in 0.26 ms, found 0 plugins.
Preloading 0 native plugins for Editor in 0.00 ms.
Unloading 1119 Unused Serialized files (Serialized files now loaded: 0)
System memory in use before: 58.3 MB.
System memory in use after: 58.4 MB.

Unloading 5 unused Assets to reduce memory usage. Loaded Objects now: 1613.
Total: 2.376291 ms (FindLiveObjects: 0.201086 ms CreateObjectMapping: 0.086518 ms MarkObjects: 1.986366 ms  DeleteObjects: 0.099950 ms)

========================================================================
Received Prepare
Registering precompiled user dll's ...
Registered in 0.000992 seconds.
Begin MonoManager ReloadAssembly
Native extension for WindowsStandalone target not found
Refreshing native plugins compatible for Editor in 0.36 ms, found 0 plugins.
Preloading 0 native plugins for Editor in 0.00 ms.
Invoked RoslynAnalysisRunner static constructor.
RoslynAnalysisRunner will not be running.
RoslynAnalysisRunner has terminated.
Mono: successfully reloaded assembly
- Completed reload, in  1.122 seconds
Platform modules already initialized, skipping
Refreshing native plugins compatible for Editor in 0.27 ms, found 0 plugins.
Preloading 0 native plugins for Editor in 0.00 ms.
Unloading 1119 Unused Serialized files (Serialized files now loaded: 0)
System memory in use before: 58.3 MB.
System memory in use after: 58.4 MB.

Unloading 5 unused Assets to reduce memory usage. Loaded Objects now: 1616.
Total: 2.433574 ms (FindLiveObjects: 0.187654 ms CreateObjectMapping: 0.097975 ms MarkObjects: 2.036933 ms  DeleteObjects: 0.109037 ms)

========================================================================
Received Prepare
Registering precompiled user dll's ...
Registered in 0.000934 seconds.
Begin MonoManager ReloadAssembly
Native extension for WindowsStandalone target not found
Refreshing native plugins compatible for Editor in 0.26 ms, found 0 plugins.
Preloading 0 native plugins for Editor in 0.00 ms.
Invoked RoslynAnalysisRunner static constructor.
RoslynAnalysisRunner will not be running.
RoslynAnalysisRunner has terminated.
Mono: successfully reloaded assembly
- Completed reload, in  1.257 seconds
Platform modules already initialized, skipping
Refreshing native plugins compatible for Editor in 0.37 ms, found 0 plugins.
Preloading 0 native plugins for Editor in 0.00 ms.
Unloading 1119 Unused Serialized files (Serialized files now loaded: 0)
System memory in use before: 58.3 MB.
System memory in use after: 58.4 MB.

Unloading 5 unused Assets to reduce memory usage. Loaded Objects now: 1619.
Total: 3.203153 ms (FindLiveObjects: 0.184493 ms CreateObjectMapping: 0.068346 ms MarkObjects: 2.881968 ms  DeleteObjects: 0.067160 ms)

========================================================================
Received Prepare
Registering precompiled user dll's ...
Registered in 0.000978 seconds.
Begin MonoManager ReloadAssembly
Native extension for WindowsStandalone target not found
Refreshing native plugins compatible for Editor in 0.36 ms, found 0 plugins.
Preloading 0 native plugins for Editor in 0.00 ms.
Invoked RoslynAnalysisRunner static constructor.
RoslynAnalysisRunner will not be running.
RoslynAnalysisRunner has terminated.
Mono: successfully reloaded assembly
- Completed reload, in  1.133 seconds
Platform modules already initialized, skipping
Refreshing native plugins compatible for Editor in 0.36 ms, found 0 plugins.
Preloading 0 native plugins for Editor in 0.00 ms.
Unloading 1119 Unused Serialized files (Serialized files now loaded: 0)
System memory in use before: 58.3 MB.
System memory in use after: 58.4 MB.

Unloading 5 unused Assets to reduce memory usage. Loaded Objects now: 1622.
Total: 2.303204 ms (FindLiveObjects: 0.216098 ms CreateObjectMapping: 0.054913 ms MarkObjects: 1.935798 ms  DeleteObjects: 0.095605 ms)

========================================================================
Received Prepare
Registering precompiled user dll's ...
Registered in 0.001051 seconds.
Begin MonoManager ReloadAssembly
Native extension for WindowsStandalone target not found
Refreshing native plugins compatible for Editor in 0.24 ms, found 0 plugins.
Preloading 0 native plugins for Editor in 0.00 ms.
Invoked RoslynAnalysisRunner static constructor.
RoslynAnalysisRunner will not be running.
RoslynAnalysisRunner has terminated.
Mono: successfully reloaded assembly
- Completed reload, in  1.069 seconds
Platform modules already initialized, skipping
Refreshing native plugins compatible for Editor in 0.25 ms, found 0 plugins.
Preloading 0 native plugins for Editor in 0.00 ms.
Unloading 1119 Unused Serialized files (Serialized files now loaded: 0)
System memory in use before: 58.3 MB.
System memory in use after: 58.4 MB.

Unloading 5 unused Assets to reduce memory usage. Loaded Objects now: 1625.
Total: 2.194958 ms (FindLiveObjects: 0.197530 ms CreateObjectMapping: 0.070716 ms MarkObjects: 1.828341 ms  DeleteObjects: 0.096790 ms)

========================================================================
Received Import Request.
  Time since last request: 1120.508525 seconds.
  path: Assets/Spripts/Player/Player.cs
  artifactKey: Guid(6590c2846da0dd8479c6dccf9b566868) Importer(815301076,1909f56bfc062723c751e8b465ee728b)
Start importing Assets/Spripts/Player/Player.cs using Guid(6590c2846da0dd8479c6dccf9b566868) Importer(815301076,1909f56bfc062723c751e8b465ee728b)  -> (artifact id: '8ee049f46d2fd9eec0ee05cd5936e9b6') in 0.071789 seconds
  Import took 0.098429 seconds .

========================================================================
Received Prepare
Registering precompiled user dll's ...
Registered in 0.003329 seconds.
Begin MonoManager ReloadAssembly
Native extension for WindowsStandalone target not found
Refreshing native plugins compatible for Editor in 0.26 ms, found 0 plugins.
Preloading 0 native plugins for Editor in 0.00 ms.
Invoked RoslynAnalysisRunner static constructor.
RoslynAnalysisRunner will not be running.
RoslynAnalysisRunner has terminated.
Mono: successfully reloaded assembly
- Completed reload, in  1.257 seconds
Platform modules already initialized, skipping
Refreshing native plugins compatible for Editor in 0.26 ms, found 0 plugins.
Preloading 0 native plugins for Editor in 0.00 ms.
Unloading 1119 Unused Serialized files (Serialized files now loaded: 0)
System memory in use before: 58.4 MB.
System memory in use after: 58.4 MB.

Unloading 5 unused Assets to reduce memory usage. Loaded Objects now: 1628.
Total: 2.416192 ms (FindLiveObjects: 0.223604 ms CreateObjectMapping: 0.087703 ms MarkObjects: 2.011650 ms  DeleteObjects: 0.091259 ms)

========================================================================
Received Import Request.
  Time since last request: 69.614362 seconds.
  path: Assets/Spripts/Player/Player.cs
  artifactKey: Guid(6590c2846da0dd8479c6dccf9b566868) Importer(815301076,1909f56bfc062723c751e8b465ee728b)
Start importing Assets/Spripts/Player/Player.cs using Guid(6590c2846da0dd8479c6dccf9b566868) Importer(815301076,1909f56bfc062723c751e8b465ee728b)  -> (artifact id: 'a0f7f0639591f7f2c5066bfe1325fa40') in 0.033364 seconds
  Import took 0.035539 seconds .

========================================================================
Received Prepare
Registering precompiled user dll's ...
Registered in 0.000787 seconds.
Begin MonoManager ReloadAssembly
Native extension for WindowsStandalone target not found
Refreshing native plugins compatible for Editor in 0.48 ms, found 0 plugins.
Preloading 0 native plugins for Editor in 0.00 ms.
Invoked RoslynAnalysisRunner static constructor.
RoslynAnalysisRunner will not be running.
RoslynAnalysisRunner has terminated.
Mono: successfully reloaded assembly
- Completed reload, in  2.065 seconds
Platform modules already initialized, skipping
Refreshing native plugins compatible for Editor in 0.42 ms, found 0 plugins.
Preloading 0 native plugins for Editor in 0.00 ms.
Unloading 1119 Unused Serialized files (Serialized files now loaded: 0)
System memory in use before: 58.4 MB.
System memory in use after: 58.4 MB.

Unloading 5 unused Assets to reduce memory usage. Loaded Objects now: 1631.
Total: 3.208684 ms (FindLiveObjects: 0.263110 ms CreateObjectMapping: 0.056099 ms MarkObjects: 2.807697 ms  DeleteObjects: 0.079407 ms)

========================================================================
Received Prepare
Registering precompiled user dll's ...
Registered in 0.001404 seconds.
Begin MonoManager ReloadAssembly
Native extension for WindowsStandalone target not found
Refreshing native plugins compatible for Editor in 0.24 ms, found 0 plugins.
Preloading 0 native plugins for Editor in 0.00 ms.
Invoked RoslynAnalysisRunner static constructor.
RoslynAnalysisRunner will not be running.
RoslynAnalysisRunner has terminated.
Mono: successfully reloaded assembly
- Completed reload, in  1.093 seconds
Platform modules already initialized, skipping
Refreshing native plugins compatible for Editor in 0.25 ms, found 0 plugins.
Preloading 0 native plugins for Editor in 0.00 ms.
Unloading 1119 Unused Serialized files (Serialized files now loaded: 0)
System memory in use before: 58.4 MB.
System memory in use after: 58.4 MB.

Unloading 5 unused Assets to reduce memory usage. Loaded Objects now: 1634.
Total: 2.603056 ms (FindLiveObjects: 0.382419 ms CreateObjectMapping: 0.085333 ms MarkObjects: 2.013230 ms  DeleteObjects: 0.120889 ms)

========================================================================
Received Prepare
Registering precompiled user dll's ...
Registered in 0.001332 seconds.
Begin MonoManager ReloadAssembly
Native extension for WindowsStandalone target not found
Refreshing native plugins compatible for Editor in 0.36 ms, found 0 plugins.
Preloading 0 native plugins for Editor in 0.00 ms.
Invoked RoslynAnalysisRunner static constructor.
RoslynAnalysisRunner will not be running.
RoslynAnalysisRunner has terminated.
Mono: successfully reloaded assembly
- Completed reload, in  1.845 seconds
Platform modules already initialized, skipping
Refreshing native plugins compatible for Editor in 0.36 ms, found 0 plugins.
Preloading 0 native plugins for Editor in 0.00 ms.
Unloading 1119 Unused Serialized files (Serialized files now loaded: 0)
System memory in use before: 58.4 MB.
System memory in use after: 58.5 MB.

Unloading 5 unused Assets to reduce memory usage. Loaded Objects now: 1637.
Total: 3.201573 ms (FindLiveObjects: 0.272197 ms CreateObjectMapping: 0.084543 ms MarkObjects: 2.756339 ms  DeleteObjects: 0.085728 ms)

========================================================================
Received Prepare
Registering precompiled user dll's ...
Registered in 0.000910 seconds.
Begin MonoManager ReloadAssembly
Native extension for WindowsStandalone target not found
Refreshing native plugins compatible for Editor in 0.41 ms, found 0 plugins.
Preloading 0 native plugins for Editor in 0.00 ms.
Invoked RoslynAnalysisRunner static constructor.
RoslynAnalysisRunner will not be running.
RoslynAnalysisRunner has terminated.
Mono: successfully reloaded assembly
- Completed reload, in  1.035 seconds
Platform modules already initialized, skipping
Refreshing native plugins compatible for Editor in 0.23 ms, found 0 plugins.
Preloading 0 native plugins for Editor in 0.00 ms.
Unloading 1119 Unused Serialized files (Serialized files now loaded: 0)
System memory in use before: 58.4 MB.
System memory in use after: 58.5 MB.

Unloading 5 unused Assets to reduce memory usage. Loaded Objects now: 1640.
Total: 6.900132 ms (FindLiveObjects: 1.309627 ms CreateObjectMapping: 0.171061 ms MarkObjects: 5.255889 ms  DeleteObjects: 0.159209 ms)

========================================================================
Received Import Request.
  Time since last request: 1189.135497 seconds.
  path: Assets/Images
  artifactKey: Guid(f47707b8f1eef0044b5ef8ded751ac37) Importer(815301076,1909f56bfc062723c751e8b465ee728b)
Start importing Assets/Images using Guid(f47707b8f1eef0044b5ef8ded751ac37) Importer(815301076,1909f56bfc062723c751e8b465ee728b)  -> (artifact id: '1869b1b6a4d69a3e743bb9d8d0e30f06') in 0.104603 seconds
  Import took 0.119045 seconds .

========================================================================
Received Import Request.
  Time since last request: 430.642649 seconds.
  path: Assets/Spripts/Reset
  artifactKey: Guid(342c3c1a98eea5b40a8320267810f8b2) Importer(815301076,1909f56bfc062723c751e8b465ee728b)
Start importing Assets/Spripts/Reset using Guid(342c3c1a98eea5b40a8320267810f8b2) Importer(815301076,1909f56bfc062723c751e8b465ee728b)  -> (artifact id: '3616a6207b909d6440969b30ebe43f4a') in 0.047956 seconds
  Import took 0.063209 seconds .

========================================================================
Received Import Request.
  Time since last request: 10.908362 seconds.
  path: Assets/Spripts/Reset/ResetBase.cs
  artifactKey: Guid(04dc30bb0c0af014082140ee9dbde838) Importer(815301076,1909f56bfc062723c751e8b465ee728b)
Start importing Assets/Spripts/Reset/ResetBase.cs using Guid(04dc30bb0c0af014082140ee9dbde838) Importer(815301076,1909f56bfc062723c751e8b465ee728b)  -> (artifact id: '6da906a988c93377f2bce431ab0209c6') in 0.061736 seconds
  Import took 0.146179 seconds .

========================================================================
Received Prepare
Registering precompiled user dll's ...
Registered in 0.000841 seconds.
Begin MonoManager ReloadAssembly
Native extension for WindowsStandalone target not found
Refreshing native plugins compatible for Editor in 0.26 ms, found 0 plugins.
Preloading 0 native plugins for Editor in 0.00 ms.
Invoked RoslynAnalysisRunner static constructor.
RoslynAnalysisRunner will not be running.
RoslynAnalysisRunner has terminated.
Mono: successfully reloaded assembly
- Completed reload, in  1.123 seconds
Platform modules already initialized, skipping
Refreshing native plugins compatible for Editor in 0.50 ms, found 0 plugins.
Preloading 0 native plugins for Editor in 0.00 ms.
Unloading 1120 Unused Serialized files (Serialized files now loaded: 0)
System memory in use before: 58.4 MB.
System memory in use after: 58.5 MB.

Unloading 5 unused Assets to reduce memory usage. Loaded Objects now: 1644.
Total: 3.019450 ms (FindLiveObjects: 0.297086 ms CreateObjectMapping: 0.075062 ms MarkObjects: 2.560389 ms  DeleteObjects: 0.083753 ms)

========================================================================
Received Prepare
Registering precompiled user dll's ...
Registered in 0.000880 seconds.
Begin MonoManager ReloadAssembly
Native extension for WindowsStandalone target not found
Refreshing native plugins compatible for Editor in 0.23 ms, found 0 plugins.
Preloading 0 native plugins for Editor in 0.00 ms.
Invoked RoslynAnalysisRunner static constructor.
RoslynAnalysisRunner will not be running.
RoslynAnalysisRunner has terminated.
Mono: successfully reloaded assembly
- Completed reload, in  1.199 seconds
Platform modules already initialized, skipping
Refreshing native plugins compatible for Editor in 0.56 ms, found 0 plugins.
Preloading 0 native plugins for Editor in 0.00 ms.
Unloading 1120 Unused Serialized files (Serialized files now loaded: 0)
System memory in use before: 58.4 MB.
System memory in use after: 58.5 MB.

Unloading 5 unused Assets to reduce memory usage. Loaded Objects now: 1647.
Total: 2.520488 ms (FindLiveObjects: 0.255604 ms CreateObjectMapping: 0.082173 ms MarkObjects: 2.110020 ms  DeleteObjects: 0.071506 ms)

========================================================================
Received Import Request.
  Time since last request: 563.421567 seconds.
  path: Assets/Spripts/Reset/ResetBase.cs
  artifactKey: Guid(04dc30bb0c0af014082140ee9dbde838) Importer(815301076,1909f56bfc062723c751e8b465ee728b)
Start importing Assets/Spripts/Reset/ResetBase.cs using Guid(04dc30bb0c0af014082140ee9dbde838) Importer(815301076,1909f56bfc062723c751e8b465ee728b)  -> (artifact id: '82377e1d1fe55f3df5dbbc0475d0b227') in 0.041670 seconds
  Import took 0.242981 seconds .

========================================================================
Received Prepare
Registering precompiled user dll's ...
Registered in 0.001974 seconds.
Begin MonoManager ReloadAssembly
Native extension for WindowsStandalone target not found
Refreshing native plugins compatible for Editor in 0.38 ms, found 0 plugins.
Preloading 0 native plugins for Editor in 0.00 ms.
Invoked RoslynAnalysisRunner static constructor.
RoslynAnalysisRunner will not be running.
RoslynAnalysisRunner has terminated.
Mono: successfully reloaded assembly
- Completed reload, in  1.268 seconds
Platform modules already initialized, skipping
Refreshing native plugins compatible for Editor in 0.39 ms, found 0 plugins.
Preloading 0 native plugins for Editor in 0.00 ms.
Unloading 1120 Unused Serialized files (Serialized files now loaded: 0)
System memory in use before: 58.4 MB.
System memory in use after: 58.5 MB.

Unloading 5 unused Assets to reduce memory usage. Loaded Objects now: 1650.
Total: 2.434760 ms (FindLiveObjects: 0.311308 ms CreateObjectMapping: 0.079407 ms MarkObjects: 1.929477 ms  DeleteObjects: 0.112987 ms)

========================================================================
Received Prepare
Registering precompiled user dll's ...
Registered in 0.001178 seconds.
Begin MonoManager ReloadAssembly
Native extension for WindowsStandalone target not found
Refreshing native plugins compatible for Editor in 0.39 ms, found 0 plugins.
Preloading 0 native plugins for Editor in 0.00 ms.
Invoked RoslynAnalysisRunner static constructor.
RoslynAnalysisRunner will not be running.
RoslynAnalysisRunner has terminated.
Mono: successfully reloaded assembly
- Completed reload, in  1.128 seconds
Platform modules already initialized, skipping
Refreshing native plugins compatible for Editor in 0.31 ms, found 0 plugins.
Preloading 0 native plugins for Editor in 0.00 ms.
Unloading 1120 Unused Serialized files (Serialized files now loaded: 0)
System memory in use before: 58.4 MB.
System memory in use after: 58.5 MB.

Unloading 5 unused Assets to reduce memory usage. Loaded Objects now: 1653.
Total: 2.746463 ms (FindLiveObjects: 0.293135 ms CreateObjectMapping: 0.079802 ms MarkObjects: 2.274365 ms  DeleteObjects: 0.096395 ms)

========================================================================
Received Import Request.
  Time since last request: 450.149132 seconds.
  path: Assets/TextMesh Pro/Sprites/EmojiOne.png
  artifactKey: Guid(dffef66376be4fa480fb02b19edbe903) Importer(815301076,1909f56bfc062723c751e8b465ee728b)
Start importing Assets/TextMesh Pro/Sprites/EmojiOne.png using Guid(dffef66376be4fa480fb02b19edbe903) Importer(815301076,1909f56bfc062723c751e8b465ee728b)  -> (artifact id: 'b454f36992cf9720a4ade4575b9297a7') in 1.885352 seconds
  Import took 1.914397 seconds .

========================================================================
Received Import Request.
  Time since last request: 0.000239 seconds.
  path: Assets/Images/pngegg.png
  artifactKey: Guid(2b85f79408e72614cbe07bf7059d2e04) Importer(815301076,1909f56bfc062723c751e8b465ee728b)
Start importing Assets/Images/pngegg.png using Guid(2b85f79408e72614cbe07bf7059d2e04) Importer(815301076,1909f56bfc062723c751e8b465ee728b)  -> (artifact id: 'cef0cba4822bfe0699482818cd17e898') in 0.133558 seconds
  Import took 0.136522 seconds .

========================================================================
Received Import Request.
  Time since last request: 2910.104673 seconds.
  path: Assets/Images/254674224_573593043698587_7168376314497871874_n.jpg
  artifactKey: Guid(a653244e659a1d348be7f00a8f591307) Importer(815301076,1909f56bfc062723c751e8b465ee728b)
Start importing Assets/Images/254674224_573593043698587_7168376314497871874_n.jpg using Guid(a653244e659a1d348be7f00a8f591307) Importer(815301076,1909f56bfc062723c751e8b465ee728b)  -> (artifact id: '2b0696be8a420f00a9fe645fe69278dc') in 0.817409 seconds
  Import took 0.876290 seconds .

========================================================================
Received Prepare
Registering precompiled user dll's ...
Registered in 0.000685 seconds.
Begin MonoManager ReloadAssembly
Native extension for WindowsStandalone target not found
Refreshing native plugins compatible for Editor in 0.29 ms, found 0 plugins.
Preloading 0 native plugins for Editor in 0.00 ms.
Invoked RoslynAnalysisRunner static constructor.
RoslynAnalysisRunner will not be running.
RoslynAnalysisRunner has terminated.
Mono: successfully reloaded assembly
- Completed reload, in  1.795 seconds
Platform modules already initialized, skipping
Refreshing native plugins compatible for Editor in 0.92 ms, found 0 plugins.
Preloading 0 native plugins for Editor in 0.00 ms.
Unloading 1120 Unused Serialized files (Serialized files now loaded: 0)
System memory in use before: 58.5 MB.
System memory in use after: 58.5 MB.

Unloading 5 unused Assets to reduce memory usage. Loaded Objects now: 1659.
Total: 3.819053 ms (FindLiveObjects: 0.295505 ms CreateObjectMapping: 0.067160 ms MarkObjects: 3.350116 ms  DeleteObjects: 0.103901 ms)

